  [1m[36m (3.5ms)[0m  [1mCREATE TABLE "movies" ("id" INTEGER PRIMARY KEY AUTOINCREMENT NOT NULL, "title" varchar(255), "rating" varchar(255), "description" text, "release_date" datetime, "created_at" datetime, "updated_at" datetime) [0m
  [1m[35m (3.2ms)[0m  CREATE TABLE "schema_migrations" ("version" varchar NOT NULL) 
  [1m[36m (0.1ms)[0m  [1mselect sqlite_version(*)[0m
  [1m[35m (3.8ms)[0m  CREATE UNIQUE INDEX "unique_schema_migrations" ON "schema_migrations" ("version")
  [1m[36m (0.1ms)[0m  [1mSELECT version FROM "schema_migrations"[0m
  [1m[35m (3.4ms)[0m  INSERT INTO "schema_migrations" (version) VALUES ('20111119180638')
  [1m[36m (3.3ms)[0m  [1mCREATE TABLE "movies" ("id" INTEGER PRIMARY KEY AUTOINCREMENT NOT NULL, "title" varchar(255), "rating" varchar(255), "description" text, "release_date" datetime, "created_at" datetime, "updated_at" datetime) [0m
  [1m[35m (3.1ms)[0m  CREATE TABLE "schema_migrations" ("version" varchar NOT NULL) 
  [1m[36m (0.0ms)[0m  [1mselect sqlite_version(*)[0m
  [1m[35m (3.0ms)[0m  CREATE UNIQUE INDEX "unique_schema_migrations" ON "schema_migrations" ("version")
  [1m[36m (0.1ms)[0m  [1mSELECT version FROM "schema_migrations"[0m
  [1m[35m (3.0ms)[0m  INSERT INTO "schema_migrations" (version) VALUES ('20111119180638')
  [1m[36mActiveRecord::SchemaMigration Load (0.1ms)[0m  [1mSELECT "schema_migrations".* FROM "schema_migrations"[0m
  [1m[35m (0.0ms)[0m  begin transaction
  [1m[36mSQL (0.2ms)[0m  [1mINSERT INTO "movies" ("title", "rating", "release_date", "created_at", "updated_at") VALUES (?, ?, ?, ?, ?)[0m  [["title", "Aladdin"], ["rating", "G"], ["release_date", "1992-11-25 00:00:00.000000"], ["created_at", "2021-02-21 05:27:10.813006"], ["updated_at", "2021-02-21 05:27:10.813006"]]
  [1m[35m (3.5ms)[0m  commit transaction
  [1m[36m (0.0ms)[0m  [1mbegin transaction[0m
  [1m[35mSQL (0.1ms)[0m  INSERT INTO "movies" ("title", "rating", "release_date", "created_at", "updated_at") VALUES (?, ?, ?, ?, ?)  [["title", "The Terminator"], ["rating", "R"], ["release_date", "1984-10-26 00:00:00.000000"], ["created_at", "2021-02-21 05:27:10.818020"], ["updated_at", "2021-02-21 05:27:10.818020"]]
  [1m[36m (3.1ms)[0m  [1mcommit transaction[0m
  [1m[35m (0.0ms)[0m  begin transaction
  [1m[36mSQL (0.1ms)[0m  [1mINSERT INTO "movies" ("title", "rating", "release_date", "created_at", "updated_at") VALUES (?, ?, ?, ?, ?)[0m  [["title", "When Harry Met Sally"], ["rating", "R"], ["release_date", "1989-07-21 00:00:00.000000"], ["created_at", "2021-02-21 05:27:10.822228"], ["updated_at", "2021-02-21 05:27:10.822228"]]
  [1m[35m (3.2ms)[0m  commit transaction
  [1m[36m (0.0ms)[0m  [1mbegin transaction[0m
  [1m[35mSQL (0.1ms)[0m  INSERT INTO "movies" ("title", "rating", "release_date", "created_at", "updated_at") VALUES (?, ?, ?, ?, ?)  [["title", "The Help"], ["rating", "PG-13"], ["release_date", "2011-08-10 00:00:00.000000"], ["created_at", "2021-02-21 05:27:10.826556"], ["updated_at", "2021-02-21 05:27:10.826556"]]
  [1m[36m (2.8ms)[0m  [1mcommit transaction[0m
  [1m[35m (0.0ms)[0m  begin transaction
  [1m[36mSQL (0.1ms)[0m  [1mINSERT INTO "movies" ("title", "rating", "release_date", "created_at", "updated_at") VALUES (?, ?, ?, ?, ?)[0m  [["title", "Chocolat"], ["rating", "PG-13"], ["release_date", "2001-01-05 00:00:00.000000"], ["created_at", "2021-02-21 05:27:10.830457"], ["updated_at", "2021-02-21 05:27:10.830457"]]
  [1m[35m (2.8ms)[0m  commit transaction
  [1m[36m (0.0ms)[0m  [1mbegin transaction[0m
  [1m[35mSQL (0.1ms)[0m  INSERT INTO "movies" ("title", "rating", "release_date", "created_at", "updated_at") VALUES (?, ?, ?, ?, ?)  [["title", "Amelie"], ["rating", "R"], ["release_date", "2001-04-25 00:00:00.000000"], ["created_at", "2021-02-21 05:27:10.834421"], ["updated_at", "2021-02-21 05:27:10.834421"]]
  [1m[36m (3.0ms)[0m  [1mcommit transaction[0m
  [1m[35m (0.0ms)[0m  begin transaction
  [1m[36mSQL (0.1ms)[0m  [1mINSERT INTO "movies" ("title", "rating", "release_date", "created_at", "updated_at") VALUES (?, ?, ?, ?, ?)[0m  [["title", "2001: A Space Odyssey"], ["rating", "G"], ["release_date", "1968-04-06 00:00:00.000000"], ["created_at", "2021-02-21 05:27:10.838597"], ["updated_at", "2021-02-21 05:27:10.838597"]]
  [1m[35m (2.9ms)[0m  commit transaction
  [1m[36m (0.0ms)[0m  [1mbegin transaction[0m
  [1m[35mSQL (0.1ms)[0m  INSERT INTO "movies" ("title", "rating", "release_date", "created_at", "updated_at") VALUES (?, ?, ?, ?, ?)  [["title", "The Incredibles"], ["rating", "PG"], ["release_date", "2004-11-05 00:00:00.000000"], ["created_at", "2021-02-21 05:27:10.842719"], ["updated_at", "2021-02-21 05:27:10.842719"]]
  [1m[36m (2.9ms)[0m  [1mcommit transaction[0m
  [1m[35m (0.0ms)[0m  begin transaction
  [1m[36mSQL (0.1ms)[0m  [1mINSERT INTO "movies" ("title", "rating", "release_date", "created_at", "updated_at") VALUES (?, ?, ?, ?, ?)[0m  [["title", "Raiders of the Lost Ark"], ["rating", "PG"], ["release_date", "1981-06-12 00:00:00.000000"], ["created_at", "2021-02-21 05:27:10.846695"], ["updated_at", "2021-02-21 05:27:10.846695"]]
  [1m[35m (3.0ms)[0m  commit transaction
  [1m[36m (0.0ms)[0m  [1mbegin transaction[0m
  [1m[35mSQL (0.1ms)[0m  INSERT INTO "movies" ("title", "rating", "release_date", "created_at", "updated_at") VALUES (?, ?, ?, ?, ?)  [["title", "Chicken Run"], ["rating", "G"], ["release_date", "2000-06-21 00:00:00.000000"], ["created_at", "2021-02-21 05:27:10.850874"], ["updated_at", "2021-02-21 05:27:10.850874"]]
  [1m[36m (2.9ms)[0m  [1mcommit transaction[0m


Started GET "/" for 128.194.2.19 at 2021-02-21 05:27:20 +0000


Started GET "/movies" for 128.194.2.19 at 2021-02-21 05:27:20 +0000
Processing by MoviesController#index as HTML
  [1m[36mMovie Load (0.2ms)[0m  [1mSELECT "movies".* FROM "movies" WHERE "movies"."rating" IN ('G', 'PG', 'PG-13', 'NC-17', 'R')[0m
  Rendered movies/index.html.haml within layouts/application (24.7ms)
Completed 200 OK in 345ms (Views: 332.9ms | ActiveRecord: 3.0ms)


Started GET "/assets/application.self-e80e8f2318043e8af94dddc2adad5a4f09739a8ebb323b3ab31cd71d45fd9113.css?body=1" for 128.194.2.19 at 2021-02-21 05:27:21 +0000


Started GET "/assets/jquery_ujs.self-784a997f6726036b1993eb2217c9cb558e1cbb801c6da88105588c56f13b466a.js?body=1" for 128.194.2.19 at 2021-02-21 05:27:21 +0000


Started GET "/assets/jquery.self-bd7ddd393353a8d2480a622e80342adf488fb6006d667e8b42e4c0073393abee.js?body=1" for 128.194.2.19 at 2021-02-21 05:27:21 +0000


Started GET "/assets/application.self-ac4347b135ab8935f2dd20089f2acc8bec1d6b2ad528a80fcb03cd445dbd4d27.js?body=1" for 128.194.2.19 at 2021-02-21 05:27:21 +0000


Started GET "/movies?utf8=%E2%9C%93&ratings%5BNC-17%5D=1&commit=Refresh" for 128.194.2.19 at 2021-02-21 05:27:35 +0000
Processing by MoviesController#index as HTML
  Parameters: {"utf8"=>"✓", "ratings"=>{"NC-17"=>"1"}, "commit"=>"Refresh"}
Redirected to https://4b4c5b82caef4c609a54c0a37ce2a882.vfs.cloud9.us-east-2.amazonaws.com/movies?ratings%5BNC-17%5D=1
Completed 302 Found in 1ms (ActiveRecord: 0.0ms)


Started GET "/movies?ratings%5BNC-17%5D=1" for 128.194.2.19 at 2021-02-21 05:27:35 +0000
Processing by MoviesController#index as HTML
  Parameters: {"ratings"=>{"NC-17"=>"1"}}
  [1m[35mMovie Load (0.2ms)[0m  SELECT "movies".* FROM "movies" WHERE "movies"."rating" = 'NC-17'
  Rendered movies/index.html.haml within layouts/application (1.6ms)
Completed 200 OK in 8ms (Views: 7.5ms | ActiveRecord: 0.2ms)


Started GET "/movies?utf8=%E2%9C%93&ratings%5BG%5D=1&ratings%5BPG%5D=1&ratings%5BPG-13%5D=1&ratings%5BNC-17%5D=1&ratings%5BR%5D=1&commit=Refresh" for 128.194.2.19 at 2021-02-21 05:27:41 +0000
Processing by MoviesController#index as HTML
  Parameters: {"utf8"=>"✓", "ratings"=>{"G"=>"1", "PG"=>"1", "PG-13"=>"1", "NC-17"=>"1", "R"=>"1"}, "commit"=>"Refresh"}
Redirected to https://4b4c5b82caef4c609a54c0a37ce2a882.vfs.cloud9.us-east-2.amazonaws.com/movies?ratings%5BG%5D=1&ratings%5BNC-17%5D=1&ratings%5BPG%5D=1&ratings%5BPG-13%5D=1&ratings%5BR%5D=1
Completed 302 Found in 1ms (ActiveRecord: 0.0ms)


Started GET "/movies?ratings%5BG%5D=1&ratings%5BNC-17%5D=1&ratings%5BPG%5D=1&ratings%5BPG-13%5D=1&ratings%5BR%5D=1" for 128.194.2.19 at 2021-02-21 05:27:41 +0000
Processing by MoviesController#index as HTML
  Parameters: {"ratings"=>{"G"=>"1", "NC-17"=>"1", "PG"=>"1", "PG-13"=>"1", "R"=>"1"}}
  [1m[36mMovie Load (0.2ms)[0m  [1mSELECT "movies".* FROM "movies" WHERE "movies"."rating" IN ('G', 'NC-17', 'PG', 'PG-13', 'R')[0m
  Rendered movies/index.html.haml within layouts/application (3.0ms)
Completed 200 OK in 10ms (Views: 8.8ms | ActiveRecord: 0.2ms)


Started GET "/movies?ratings%5BG%5D=1&ratings%5BNC-17%5D=1&ratings%5BPG%5D=1&ratings%5BPG-13%5D=1&ratings%5BR%5D=1&sort=title" for 128.194.2.19 at 2021-02-21 05:27:58 +0000
Processing by MoviesController#index as HTML
  Parameters: {"ratings"=>{"G"=>"1", "NC-17"=>"1", "PG"=>"1", "PG-13"=>"1", "R"=>"1"}, "sort"=>"title"}
Redirected to https://4b4c5b82caef4c609a54c0a37ce2a882.vfs.cloud9.us-east-2.amazonaws.com/movies?ratings%5BG%5D=1&ratings%5BNC-17%5D=1&ratings%5BPG%5D=1&ratings%5BPG-13%5D=1&ratings%5BR%5D=1&sort=title
Completed 302 Found in 1ms (ActiveRecord: 0.0ms)


Started GET "/movies?ratings%5BG%5D=1&ratings%5BNC-17%5D=1&ratings%5BPG%5D=1&ratings%5BPG-13%5D=1&ratings%5BR%5D=1&sort=title" for 128.194.2.19 at 2021-02-21 05:27:58 +0000
Processing by MoviesController#index as HTML
  Parameters: {"ratings"=>{"G"=>"1", "NC-17"=>"1", "PG"=>"1", "PG-13"=>"1", "R"=>"1"}, "sort"=>"title"}
  [1m[35mMovie Load (0.2ms)[0m  SELECT "movies".* FROM "movies" WHERE "movies"."rating" IN ('G', 'NC-17', 'PG', 'PG-13', 'R')  ORDER BY "movies"."title" ASC
  Rendered movies/index.html.haml within layouts/application (3.1ms)
Completed 200 OK in 9ms (Views: 8.6ms | ActiveRecord: 0.2ms)


Started GET "/movies?ratings%5BG%5D=1&ratings%5BNC-17%5D=1&ratings%5BPG%5D=1&ratings%5BPG-13%5D=1&ratings%5BR%5D=1&sort=release_date" for 128.194.2.19 at 2021-02-21 05:28:29 +0000
Processing by MoviesController#index as HTML
  Parameters: {"ratings"=>{"G"=>"1", "NC-17"=>"1", "PG"=>"1", "PG-13"=>"1", "R"=>"1"}, "sort"=>"release_date"}
Redirected to https://4b4c5b82caef4c609a54c0a37ce2a882.vfs.cloud9.us-east-2.amazonaws.com/movies?ratings%5BG%5D=1&ratings%5BNC-17%5D=1&ratings%5BPG%5D=1&ratings%5BPG-13%5D=1&ratings%5BR%5D=1&sort=release_date
Completed 302 Found in 1ms (ActiveRecord: 0.0ms)


Started GET "/movies?ratings%5BG%5D=1&ratings%5BNC-17%5D=1&ratings%5BPG%5D=1&ratings%5BPG-13%5D=1&ratings%5BR%5D=1&sort=release_date" for 128.194.2.19 at 2021-02-21 05:28:29 +0000
Processing by MoviesController#index as HTML
  Parameters: {"ratings"=>{"G"=>"1", "NC-17"=>"1", "PG"=>"1", "PG-13"=>"1", "R"=>"1"}, "sort"=>"release_date"}
  [1m[36mMovie Load (0.2ms)[0m  [1mSELECT "movies".* FROM "movies" WHERE "movies"."rating" IN ('G', 'NC-17', 'PG', 'PG-13', 'R')  ORDER BY "movies"."release_date" ASC[0m
  Rendered movies/index.html.haml within layouts/application (3.3ms)
Completed 200 OK in 10ms (Views: 9.0ms | ActiveRecord: 0.2ms)


Started GET "/movies?ratings%5BG%5D=1&ratings%5BNC-17%5D=1&ratings%5BPG%5D=1&ratings%5BPG-13%5D=1&ratings%5BR%5D=1&sort=title" for 128.194.2.19 at 2021-02-21 05:28:32 +0000
Processing by MoviesController#index as HTML
  Parameters: {"ratings"=>{"G"=>"1", "NC-17"=>"1", "PG"=>"1", "PG-13"=>"1", "R"=>"1"}, "sort"=>"title"}
Redirected to https://4b4c5b82caef4c609a54c0a37ce2a882.vfs.cloud9.us-east-2.amazonaws.com/movies?ratings%5BG%5D=1&ratings%5BNC-17%5D=1&ratings%5BPG%5D=1&ratings%5BPG-13%5D=1&ratings%5BR%5D=1&sort=title
Completed 302 Found in 1ms (ActiveRecord: 0.0ms)


Started GET "/movies?ratings%5BG%5D=1&ratings%5BNC-17%5D=1&ratings%5BPG%5D=1&ratings%5BPG-13%5D=1&ratings%5BR%5D=1&sort=title" for 128.194.2.19 at 2021-02-21 05:28:32 +0000
Processing by MoviesController#index as HTML
  Parameters: {"ratings"=>{"G"=>"1", "NC-17"=>"1", "PG"=>"1", "PG-13"=>"1", "R"=>"1"}, "sort"=>"title"}
  [1m[35mMovie Load (0.2ms)[0m  SELECT "movies".* FROM "movies" WHERE "movies"."rating" IN ('G', 'NC-17', 'PG', 'PG-13', 'R')  ORDER BY "movies"."title" ASC
  Rendered movies/index.html.haml within layouts/application (3.1ms)
Completed 200 OK in 10ms (Views: 8.9ms | ActiveRecord: 0.2ms)


Started GET "/movies?ratings%5BG%5D=1&ratings%5BNC-17%5D=1&ratings%5BPG%5D=1&ratings%5BPG-13%5D=1&ratings%5BR%5D=1&sort=release_date" for 128.194.2.19 at 2021-02-21 05:28:34 +0000
Processing by MoviesController#index as HTML
  Parameters: {"ratings"=>{"G"=>"1", "NC-17"=>"1", "PG"=>"1", "PG-13"=>"1", "R"=>"1"}, "sort"=>"release_date"}
Redirected to https://4b4c5b82caef4c609a54c0a37ce2a882.vfs.cloud9.us-east-2.amazonaws.com/movies?ratings%5BG%5D=1&ratings%5BNC-17%5D=1&ratings%5BPG%5D=1&ratings%5BPG-13%5D=1&ratings%5BR%5D=1&sort=release_date
Completed 302 Found in 1ms (ActiveRecord: 0.0ms)


Started GET "/movies?ratings%5BG%5D=1&ratings%5BNC-17%5D=1&ratings%5BPG%5D=1&ratings%5BPG-13%5D=1&ratings%5BR%5D=1&sort=release_date" for 128.194.2.19 at 2021-02-21 05:28:34 +0000
Processing by MoviesController#index as HTML
  Parameters: {"ratings"=>{"G"=>"1", "NC-17"=>"1", "PG"=>"1", "PG-13"=>"1", "R"=>"1"}, "sort"=>"release_date"}
  [1m[36mMovie Load (0.2ms)[0m  [1mSELECT "movies".* FROM "movies" WHERE "movies"."rating" IN ('G', 'NC-17', 'PG', 'PG-13', 'R')  ORDER BY "movies"."release_date" ASC[0m
  Rendered movies/index.html.haml within layouts/application (3.0ms)
Completed 200 OK in 10ms (Views: 8.7ms | ActiveRecord: 0.2ms)


Started GET "/movies?ratings%5BG%5D=1&ratings%5BNC-17%5D=1&ratings%5BPG%5D=1&ratings%5BPG-13%5D=1&ratings%5BR%5D=1&sort=title" for 128.194.2.19 at 2021-02-21 05:28:45 +0000
Processing by MoviesController#index as HTML
  Parameters: {"ratings"=>{"G"=>"1", "NC-17"=>"1", "PG"=>"1", "PG-13"=>"1", "R"=>"1"}, "sort"=>"title"}
Redirected to https://4b4c5b82caef4c609a54c0a37ce2a882.vfs.cloud9.us-east-2.amazonaws.com/movies?ratings%5BG%5D=1&ratings%5BNC-17%5D=1&ratings%5BPG%5D=1&ratings%5BPG-13%5D=1&ratings%5BR%5D=1&sort=title
Completed 302 Found in 1ms (ActiveRecord: 0.0ms)


Started GET "/movies?ratings%5BG%5D=1&ratings%5BNC-17%5D=1&ratings%5BPG%5D=1&ratings%5BPG-13%5D=1&ratings%5BR%5D=1&sort=title" for 128.194.2.19 at 2021-02-21 05:28:45 +0000
Processing by MoviesController#index as HTML
  Parameters: {"ratings"=>{"G"=>"1", "NC-17"=>"1", "PG"=>"1", "PG-13"=>"1", "R"=>"1"}, "sort"=>"title"}
  [1m[35mMovie Load (0.2ms)[0m  SELECT "movies".* FROM "movies" WHERE "movies"."rating" IN ('G', 'NC-17', 'PG', 'PG-13', 'R')  ORDER BY "movies"."title" ASC
  Rendered movies/index.html.haml within layouts/application (3.2ms)
Completed 200 OK in 10ms (Views: 9.1ms | ActiveRecord: 0.2ms)


Started GET "/movies?utf8=%E2%9C%93&title_sort=true&ratings%5BG%5D=1&ratings%5BPG%5D=1&ratings%5BPG-13%5D=1&ratings%5BNC-17%5D=1&ratings%5BR%5D=1&commit=Refresh" for 128.194.2.19 at 2021-02-21 05:29:42 +0000
Processing by MoviesController#index as HTML
  Parameters: {"utf8"=>"✓", "title_sort"=>"true", "ratings"=>{"G"=>"1", "PG"=>"1", "PG-13"=>"1", "NC-17"=>"1", "R"=>"1"}, "commit"=>"Refresh"}
Redirected to https://4b4c5b82caef4c609a54c0a37ce2a882.vfs.cloud9.us-east-2.amazonaws.com/movies?ratings%5BG%5D=1&ratings%5BNC-17%5D=1&ratings%5BPG%5D=1&ratings%5BPG-13%5D=1&ratings%5BR%5D=1&sort=title
Completed 302 Found in 1ms (ActiveRecord: 0.0ms)


Started GET "/movies?ratings%5BG%5D=1&ratings%5BNC-17%5D=1&ratings%5BPG%5D=1&ratings%5BPG-13%5D=1&ratings%5BR%5D=1&sort=title" for 128.194.2.19 at 2021-02-21 05:29:42 +0000
Processing by MoviesController#index as HTML
  Parameters: {"ratings"=>{"G"=>"1", "NC-17"=>"1", "PG"=>"1", "PG-13"=>"1", "R"=>"1"}, "sort"=>"title"}
  [1m[36mMovie Load (0.2ms)[0m  [1mSELECT "movies".* FROM "movies" WHERE "movies"."rating" IN ('G', 'NC-17', 'PG', 'PG-13', 'R')  ORDER BY "movies"."title" ASC[0m
  Rendered movies/index.html.haml within layouts/application (3.1ms)
Completed 200 OK in 10ms (Views: 9.0ms | ActiveRecord: 0.2ms)


Started GET "/movies?utf8=%E2%9C%93&title_sort=true&ratings%5BG%5D=1&ratings%5BPG%5D=1&ratings%5BPG-13%5D=1&ratings%5BNC-17%5D=1&commit=Refresh" for 128.194.2.19 at 2021-02-21 05:29:48 +0000
Processing by MoviesController#index as HTML
  Parameters: {"utf8"=>"✓", "title_sort"=>"true", "ratings"=>{"G"=>"1", "PG"=>"1", "PG-13"=>"1", "NC-17"=>"1"}, "commit"=>"Refresh"}
Redirected to https://4b4c5b82caef4c609a54c0a37ce2a882.vfs.cloud9.us-east-2.amazonaws.com/movies?ratings%5BG%5D=1&ratings%5BNC-17%5D=1&ratings%5BPG%5D=1&ratings%5BPG-13%5D=1&sort=title
Completed 302 Found in 1ms (ActiveRecord: 0.0ms)


Started GET "/movies?ratings%5BG%5D=1&ratings%5BNC-17%5D=1&ratings%5BPG%5D=1&ratings%5BPG-13%5D=1&sort=title" for 128.194.2.19 at 2021-02-21 05:29:48 +0000
Processing by MoviesController#index as HTML
  Parameters: {"ratings"=>{"G"=>"1", "NC-17"=>"1", "PG"=>"1", "PG-13"=>"1"}, "sort"=>"title"}
  [1m[35mMovie Load (0.2ms)[0m  SELECT "movies".* FROM "movies" WHERE "movies"."rating" IN ('G', 'NC-17', 'PG', 'PG-13')  ORDER BY "movies"."title" ASC
  Rendered movies/index.html.haml within layouts/application (2.7ms)
Completed 200 OK in 9ms (Views: 8.5ms | ActiveRecord: 0.2ms)


Started GET "/movies?ratings%5BG%5D=1&ratings%5BNC-17%5D=1&ratings%5BPG%5D=1&ratings%5BPG-13%5D=1&sort=title" for 128.194.2.19 at 2021-02-21 05:29:51 +0000
Processing by MoviesController#index as HTML
  Parameters: {"ratings"=>{"G"=>"1", "NC-17"=>"1", "PG"=>"1", "PG-13"=>"1"}, "sort"=>"title"}
  [1m[36mMovie Load (0.2ms)[0m  [1mSELECT "movies".* FROM "movies" WHERE "movies"."rating" IN ('G', 'NC-17', 'PG', 'PG-13')  ORDER BY "movies"."title" ASC[0m
  Rendered movies/index.html.haml within layouts/application (2.9ms)
Completed 200 OK in 9ms (Views: 8.5ms | ActiveRecord: 0.2ms)


Started GET "/movies?ratings%5BG%5D=1&ratings%5BNC-17%5D=1&ratings%5BPG%5D=1&ratings%5BPG-13%5D=1&sort=release_date" for 128.194.2.19 at 2021-02-21 05:29:52 +0000
Processing by MoviesController#index as HTML
  Parameters: {"ratings"=>{"G"=>"1", "NC-17"=>"1", "PG"=>"1", "PG-13"=>"1"}, "sort"=>"release_date"}
Redirected to https://4b4c5b82caef4c609a54c0a37ce2a882.vfs.cloud9.us-east-2.amazonaws.com/movies?ratings%5BG%5D=1&ratings%5BNC-17%5D=1&ratings%5BPG%5D=1&ratings%5BPG-13%5D=1&sort=release_date
Completed 302 Found in 1ms (ActiveRecord: 0.0ms)


Started GET "/movies?ratings%5BG%5D=1&ratings%5BNC-17%5D=1&ratings%5BPG%5D=1&ratings%5BPG-13%5D=1&sort=release_date" for 128.194.2.19 at 2021-02-21 05:29:52 +0000
Processing by MoviesController#index as HTML
  Parameters: {"ratings"=>{"G"=>"1", "NC-17"=>"1", "PG"=>"1", "PG-13"=>"1"}, "sort"=>"release_date"}
  [1m[35mMovie Load (0.2ms)[0m  SELECT "movies".* FROM "movies" WHERE "movies"."rating" IN ('G', 'NC-17', 'PG', 'PG-13')  ORDER BY "movies"."release_date" ASC
  Rendered movies/index.html.haml within layouts/application (2.6ms)
Completed 200 OK in 9ms (Views: 8.6ms | ActiveRecord: 0.2ms)


Started GET "/movies?ratings%5BG%5D=1&ratings%5BNC-17%5D=1&ratings%5BPG%5D=1&ratings%5BPG-13%5D=1&sort=title" for 128.194.2.19 at 2021-02-21 05:29:54 +0000
Processing by MoviesController#index as HTML
  Parameters: {"ratings"=>{"G"=>"1", "NC-17"=>"1", "PG"=>"1", "PG-13"=>"1"}, "sort"=>"title"}
Redirected to https://4b4c5b82caef4c609a54c0a37ce2a882.vfs.cloud9.us-east-2.amazonaws.com/movies?ratings%5BG%5D=1&ratings%5BNC-17%5D=1&ratings%5BPG%5D=1&ratings%5BPG-13%5D=1&sort=title
Completed 302 Found in 1ms (ActiveRecord: 0.0ms)


Started GET "/movies?ratings%5BG%5D=1&ratings%5BNC-17%5D=1&ratings%5BPG%5D=1&ratings%5BPG-13%5D=1&sort=title" for 128.194.2.19 at 2021-02-21 05:29:54 +0000
Processing by MoviesController#index as HTML
  Parameters: {"ratings"=>{"G"=>"1", "NC-17"=>"1", "PG"=>"1", "PG-13"=>"1"}, "sort"=>"title"}
  [1m[36mMovie Load (0.2ms)[0m  [1mSELECT "movies".* FROM "movies" WHERE "movies"."rating" IN ('G', 'NC-17', 'PG', 'PG-13')  ORDER BY "movies"."title" ASC[0m
  Rendered movies/index.html.haml within layouts/application (2.7ms)
Completed 200 OK in 11ms (Views: 9.7ms | ActiveRecord: 0.2ms)


Started GET "/movies?utf8=%E2%9C%93&title_sort=true&ratings%5BG%5D=1&ratings%5BPG%5D=1&ratings%5BPG-13%5D=1&ratings%5BNC-17%5D=1&ratings%5BR%5D=1&commit=Refresh" for 128.194.2.19 at 2021-02-21 05:29:57 +0000
Processing by MoviesController#index as HTML
  Parameters: {"utf8"=>"✓", "title_sort"=>"true", "ratings"=>{"G"=>"1", "PG"=>"1", "PG-13"=>"1", "NC-17"=>"1", "R"=>"1"}, "commit"=>"Refresh"}
Redirected to https://4b4c5b82caef4c609a54c0a37ce2a882.vfs.cloud9.us-east-2.amazonaws.com/movies?ratings%5BG%5D=1&ratings%5BNC-17%5D=1&ratings%5BPG%5D=1&ratings%5BPG-13%5D=1&ratings%5BR%5D=1&sort=title
Completed 302 Found in 1ms (ActiveRecord: 0.0ms)


Started GET "/movies?ratings%5BG%5D=1&ratings%5BNC-17%5D=1&ratings%5BPG%5D=1&ratings%5BPG-13%5D=1&ratings%5BR%5D=1&sort=title" for 128.194.2.19 at 2021-02-21 05:29:57 +0000
Processing by MoviesController#index as HTML
  Parameters: {"ratings"=>{"G"=>"1", "NC-17"=>"1", "PG"=>"1", "PG-13"=>"1", "R"=>"1"}, "sort"=>"title"}
  [1m[35mMovie Load (0.3ms)[0m  SELECT "movies".* FROM "movies" WHERE "movies"."rating" IN ('G', 'NC-17', 'PG', 'PG-13', 'R')  ORDER BY "movies"."title" ASC
  Rendered movies/index.html.haml within layouts/application (3.2ms)
Completed 200 OK in 10ms (Views: 9.0ms | ActiveRecord: 0.3ms)
  [1m[36m (6.7ms)[0m  [1mDROP TABLE "movies"[0m
  [1m[35m (3.0ms)[0m  CREATE TABLE "movies" ("id" INTEGER PRIMARY KEY AUTOINCREMENT NOT NULL, "title" varchar(255), "rating" varchar(255), "description" text, "release_date" datetime, "created_at" datetime, "updated_at" datetime) 
  [1m[36m (0.1ms)[0m  [1mSELECT version FROM "schema_migrations"[0m
  [1m[35m (2.6ms)[0m  DROP TABLE "movies"
  [1m[36m (2.9ms)[0m  [1mCREATE TABLE "movies" ("id" INTEGER PRIMARY KEY AUTOINCREMENT NOT NULL, "title" varchar(255), "rating" varchar(255), "description" text, "release_date" datetime, "created_at" datetime, "updated_at" datetime) [0m
  [1m[35m (0.1ms)[0m  SELECT version FROM "schema_migrations"
  [1m[36mActiveRecord::SchemaMigration Load (0.1ms)[0m  [1mSELECT "schema_migrations".* FROM "schema_migrations"[0m
  [1m[35m (0.1ms)[0m  begin transaction
  [1m[36mSQL (2.7ms)[0m  [1mINSERT INTO "movies" ("title", "rating", "release_date", "created_at", "updated_at") VALUES (?, ?, ?, ?, ?)[0m  [["title", "Aladdin"], ["rating", "G"], ["release_date", "1992-11-25 00:00:00.000000"], ["created_at", "2021-03-02 01:09:43.416138"], ["updated_at", "2021-03-02 01:09:43.416138"]]
  [1m[35m (4.3ms)[0m  commit transaction
  [1m[36m (0.0ms)[0m  [1mbegin transaction[0m
  [1m[35mSQL (0.1ms)[0m  INSERT INTO "movies" ("title", "rating", "release_date", "created_at", "updated_at") VALUES (?, ?, ?, ?, ?)  [["title", "The Terminator"], ["rating", "R"], ["release_date", "1984-10-26 00:00:00.000000"], ["created_at", "2021-03-02 01:09:43.424567"], ["updated_at", "2021-03-02 01:09:43.424567"]]
  [1m[36m (2.8ms)[0m  [1mcommit transaction[0m
  [1m[35m (0.0ms)[0m  begin transaction
  [1m[36mSQL (0.1ms)[0m  [1mINSERT INTO "movies" ("title", "rating", "release_date", "created_at", "updated_at") VALUES (?, ?, ?, ?, ?)[0m  [["title", "When Harry Met Sally"], ["rating", "R"], ["release_date", "1989-07-21 00:00:00.000000"], ["created_at", "2021-03-02 01:09:43.428590"], ["updated_at", "2021-03-02 01:09:43.428590"]]
  [1m[35m (3.0ms)[0m  commit transaction
  [1m[36m (0.0ms)[0m  [1mbegin transaction[0m
  [1m[35mSQL (0.1ms)[0m  INSERT INTO "movies" ("title", "rating", "release_date", "created_at", "updated_at") VALUES (?, ?, ?, ?, ?)  [["title", "The Help"], ["rating", "PG-13"], ["release_date", "2011-08-10 00:00:00.000000"], ["created_at", "2021-03-02 01:09:43.432750"], ["updated_at", "2021-03-02 01:09:43.432750"]]
  [1m[36m (3.2ms)[0m  [1mcommit transaction[0m
  [1m[35m (0.0ms)[0m  begin transaction
  [1m[36mSQL (0.1ms)[0m  [1mINSERT INTO "movies" ("title", "rating", "release_date", "created_at", "updated_at") VALUES (?, ?, ?, ?, ?)[0m  [["title", "Chocolat"], ["rating", "PG-13"], ["release_date", "2001-01-05 00:00:00.000000"], ["created_at", "2021-03-02 01:09:43.437107"], ["updated_at", "2021-03-02 01:09:43.437107"]]
  [1m[35m (2.9ms)[0m  commit transaction
  [1m[36m (0.0ms)[0m  [1mbegin transaction[0m
  [1m[35mSQL (0.1ms)[0m  INSERT INTO "movies" ("title", "rating", "release_date", "created_at", "updated_at") VALUES (?, ?, ?, ?, ?)  [["title", "Amelie"], ["rating", "R"], ["release_date", "2001-04-25 00:00:00.000000"], ["created_at", "2021-03-02 01:09:43.441255"], ["updated_at", "2021-03-02 01:09:43.441255"]]
  [1m[36m (3.8ms)[0m  [1mcommit transaction[0m
  [1m[35m (0.0ms)[0m  begin transaction
  [1m[36mSQL (0.1ms)[0m  [1mINSERT INTO "movies" ("title", "rating", "release_date", "created_at", "updated_at") VALUES (?, ?, ?, ?, ?)[0m  [["title", "2001: A Space Odyssey"], ["rating", "G"], ["release_date", "1968-04-06 00:00:00.000000"], ["created_at", "2021-03-02 01:09:43.446265"], ["updated_at", "2021-03-02 01:09:43.446265"]]
  [1m[35m (2.7ms)[0m  commit transaction
  [1m[36m (0.0ms)[0m  [1mbegin transaction[0m
  [1m[35mSQL (0.1ms)[0m  INSERT INTO "movies" ("title", "rating", "release_date", "created_at", "updated_at") VALUES (?, ?, ?, ?, ?)  [["title", "The Incredibles"], ["rating", "PG"], ["release_date", "2004-11-05 00:00:00.000000"], ["created_at", "2021-03-02 01:09:43.450100"], ["updated_at", "2021-03-02 01:09:43.450100"]]
  [1m[36m (2.7ms)[0m  [1mcommit transaction[0m
  [1m[35m (0.0ms)[0m  begin transaction
  [1m[36mSQL (0.1ms)[0m  [1mINSERT INTO "movies" ("title", "rating", "release_date", "created_at", "updated_at") VALUES (?, ?, ?, ?, ?)[0m  [["title", "Raiders of the Lost Ark"], ["rating", "PG"], ["release_date", "1981-06-12 00:00:00.000000"], ["created_at", "2021-03-02 01:09:43.453984"], ["updated_at", "2021-03-02 01:09:43.453984"]]
  [1m[35m (2.7ms)[0m  commit transaction
  [1m[36m (0.0ms)[0m  [1mbegin transaction[0m
  [1m[35mSQL (0.1ms)[0m  INSERT INTO "movies" ("title", "rating", "release_date", "created_at", "updated_at") VALUES (?, ?, ?, ?, ?)  [["title", "Chicken Run"], ["rating", "G"], ["release_date", "2000-06-21 00:00:00.000000"], ["created_at", "2021-03-02 01:09:43.457858"], ["updated_at", "2021-03-02 01:09:43.457858"]]
  [1m[36m (2.8ms)[0m  [1mcommit transaction[0m


Started GET "/" for 128.194.2.62 at 2021-03-02 01:09:49 +0000


Started GET "/movies" for 128.194.2.62 at 2021-03-02 01:09:49 +0000
Processing by MoviesController#index as HTML
  [1m[36mMovie Load (0.1ms)[0m  [1mSELECT "movies".* FROM "movies" WHERE "movies"."rating" IN ('G', 'PG', 'PG-13', 'NC-17', 'R')[0m
  Rendered movies/index.html.haml within layouts/application (18.8ms)
Completed 200 OK in 269ms (Views: 253.5ms | ActiveRecord: 1.4ms)


Started GET "/assets/application.self-e80e8f2318043e8af94dddc2adad5a4f09739a8ebb323b3ab31cd71d45fd9113.css?body=1" for 128.194.2.62 at 2021-03-02 01:09:49 +0000


Started GET "/assets/application.self-ac4347b135ab8935f2dd20089f2acc8bec1d6b2ad528a80fcb03cd445dbd4d27.js?body=1" for 128.194.2.62 at 2021-03-02 01:09:49 +0000


Started GET "/assets/jquery.self-bd7ddd393353a8d2480a622e80342adf488fb6006d667e8b42e4c0073393abee.js?body=1" for 128.194.2.62 at 2021-03-02 01:09:49 +0000


Started GET "/assets/jquery_ujs.self-784a997f6726036b1993eb2217c9cb558e1cbb801c6da88105588c56f13b466a.js?body=1" for 128.194.2.62 at 2021-03-02 01:09:49 +0000


Started GET "/movies?ratings%5BG%5D=G&ratings%5BNC-17%5D=NC-17&ratings%5BPG%5D=PG&ratings%5BPG-13%5D=PG-13&ratings%5BR%5D=R&sort=title" for 128.194.2.62 at 2021-03-02 01:10:01 +0000
Processing by MoviesController#index as HTML
  Parameters: {"ratings"=>{"G"=>"G", "NC-17"=>"NC-17", "PG"=>"PG", "PG-13"=>"PG-13", "R"=>"R"}, "sort"=>"title"}
Redirected to https://4b4c5b82caef4c609a54c0a37ce2a882.vfs.cloud9.us-east-2.amazonaws.com/movies?ratings%5BG%5D=G&ratings%5BNC-17%5D=NC-17&ratings%5BPG%5D=PG&ratings%5BPG-13%5D=PG-13&ratings%5BR%5D=R&sort=title
Completed 302 Found in 4ms (ActiveRecord: 0.0ms)


Started GET "/movies?ratings%5BG%5D=G&ratings%5BNC-17%5D=NC-17&ratings%5BPG%5D=PG&ratings%5BPG-13%5D=PG-13&ratings%5BR%5D=R&sort=title" for 128.194.2.62 at 2021-03-02 01:10:01 +0000
Processing by MoviesController#index as HTML
  Parameters: {"ratings"=>{"G"=>"G", "NC-17"=>"NC-17", "PG"=>"PG", "PG-13"=>"PG-13", "R"=>"R"}, "sort"=>"title"}
  [1m[35mMovie Load (23.0ms)[0m  SELECT "movies".* FROM "movies" WHERE "movies"."rating" IN ('G', 'NC-17', 'PG', 'PG-13', 'R')  ORDER BY "movies"."title" ASC
  Rendered movies/index.html.haml within layouts/application (28.2ms)
Completed 200 OK in 41ms (Views: 16.8ms | ActiveRecord: 23.0ms)


Started GET "/movies?ratings%5BG%5D=G&ratings%5BNC-17%5D=NC-17&ratings%5BPG%5D=PG&ratings%5BPG-13%5D=PG-13&ratings%5BR%5D=R&sort=release_date" for 128.194.2.62 at 2021-03-02 01:10:03 +0000
Processing by MoviesController#index as HTML
  Parameters: {"ratings"=>{"G"=>"G", "NC-17"=>"NC-17", "PG"=>"PG", "PG-13"=>"PG-13", "R"=>"R"}, "sort"=>"release_date"}
Redirected to https://4b4c5b82caef4c609a54c0a37ce2a882.vfs.cloud9.us-east-2.amazonaws.com/movies?ratings%5BG%5D=G&ratings%5BNC-17%5D=NC-17&ratings%5BPG%5D=PG&ratings%5BPG-13%5D=PG-13&ratings%5BR%5D=R&sort=release_date
Completed 302 Found in 2ms (ActiveRecord: 0.0ms)


Started GET "/movies?ratings%5BG%5D=G&ratings%5BNC-17%5D=NC-17&ratings%5BPG%5D=PG&ratings%5BPG-13%5D=PG-13&ratings%5BR%5D=R&sort=release_date" for 128.194.2.62 at 2021-03-02 01:10:03 +0000
Processing by MoviesController#index as HTML
  Parameters: {"ratings"=>{"G"=>"G", "NC-17"=>"NC-17", "PG"=>"PG", "PG-13"=>"PG-13", "R"=>"R"}, "sort"=>"release_date"}
  [1m[36mMovie Load (0.2ms)[0m  [1mSELECT "movies".* FROM "movies" WHERE "movies"."rating" IN ('G', 'NC-17', 'PG', 'PG-13', 'R')  ORDER BY "movies"."release_date" ASC[0m
  Rendered movies/index.html.haml within layouts/application (3.8ms)
Completed 200 OK in 19ms (Views: 18.6ms | ActiveRecord: 0.2ms)


Started GET "/movies?ratings%5BG%5D=G&ratings%5BNC-17%5D=NC-17&ratings%5BPG%5D=PG&ratings%5BPG-13%5D=PG-13&ratings%5BR%5D=R&sort=title" for 128.194.2.62 at 2021-03-02 01:10:06 +0000
Processing by MoviesController#index as HTML
  Parameters: {"ratings"=>{"G"=>"G", "NC-17"=>"NC-17", "PG"=>"PG", "PG-13"=>"PG-13", "R"=>"R"}, "sort"=>"title"}
Redirected to https://4b4c5b82caef4c609a54c0a37ce2a882.vfs.cloud9.us-east-2.amazonaws.com/movies?ratings%5BG%5D=G&ratings%5BNC-17%5D=NC-17&ratings%5BPG%5D=PG&ratings%5BPG-13%5D=PG-13&ratings%5BR%5D=R&sort=title
Completed 302 Found in 2ms (ActiveRecord: 0.0ms)


Started GET "/movies?ratings%5BG%5D=G&ratings%5BNC-17%5D=NC-17&ratings%5BPG%5D=PG&ratings%5BPG-13%5D=PG-13&ratings%5BR%5D=R&sort=title" for 128.194.2.62 at 2021-03-02 01:10:06 +0000
Processing by MoviesController#index as HTML
  Parameters: {"ratings"=>{"G"=>"G", "NC-17"=>"NC-17", "PG"=>"PG", "PG-13"=>"PG-13", "R"=>"R"}, "sort"=>"title"}
  [1m[35mMovie Load (0.2ms)[0m  SELECT "movies".* FROM "movies" WHERE "movies"."rating" IN ('G', 'NC-17', 'PG', 'PG-13', 'R')  ORDER BY "movies"."title" ASC
  Rendered movies/index.html.haml within layouts/application (8.3ms)
Completed 200 OK in 20ms (Views: 19.1ms | ActiveRecord: 0.2ms)


Started GET "/" for 128.194.2.62 at 2021-03-02 01:26:22 +0000


Started GET "/movies" for 128.194.2.62 at 2021-03-02 01:26:22 +0000
Processing by MoviesController#index as HTML
Redirected to https://4b4c5b82caef4c609a54c0a37ce2a882.vfs.cloud9.us-east-2.amazonaws.com/movies?ratings%5BG%5D=G&ratings%5BNC-17%5D=NC-17&ratings%5BPG%5D=PG&ratings%5BPG-13%5D=PG-13&ratings%5BR%5D=R&sort=title
Completed 302 Found in 8ms (ActiveRecord: 0.0ms)


Started GET "/movies?ratings%5BG%5D=G&ratings%5BNC-17%5D=NC-17&ratings%5BPG%5D=PG&ratings%5BPG-13%5D=PG-13&ratings%5BR%5D=R&sort=title" for 128.194.2.62 at 2021-03-02 01:26:22 +0000
Processing by MoviesController#index as HTML
  Parameters: {"ratings"=>{"G"=>"G", "NC-17"=>"NC-17", "PG"=>"PG", "PG-13"=>"PG-13", "R"=>"R"}, "sort"=>"title"}
  [1m[36mMovie Load (0.2ms)[0m  [1mSELECT "movies".* FROM "movies" WHERE "movies"."rating" IN ('G', 'NC-17', 'PG', 'PG-13', 'R')  ORDER BY "movies"."title" ASC[0m
  Rendered movies/index.html.haml within layouts/application (24.8ms)
Completed 200 OK in 238ms (Views: 232.9ms | ActiveRecord: 1.5ms)


Started GET "/" for 128.194.2.62 at 2021-03-02 01:27:10 +0000


Started GET "/movies" for 128.194.2.62 at 2021-03-02 01:27:10 +0000
Processing by MoviesController#index as HTML
Redirected to https://4b4c5b82caef4c609a54c0a37ce2a882.vfs.cloud9.us-east-2.amazonaws.com/movies?ratings%5BG%5D=G&ratings%5BNC-17%5D=NC-17&ratings%5BPG%5D=PG&ratings%5BPG-13%5D=PG-13&ratings%5BR%5D=R&sort=title
Completed 302 Found in 8ms (ActiveRecord: 0.0ms)


Started GET "/movies?ratings%5BG%5D=G&ratings%5BNC-17%5D=NC-17&ratings%5BPG%5D=PG&ratings%5BPG-13%5D=PG-13&ratings%5BR%5D=R&sort=title" for 128.194.2.62 at 2021-03-02 01:27:10 +0000
Processing by MoviesController#index as HTML
  Parameters: {"ratings"=>{"G"=>"G", "NC-17"=>"NC-17", "PG"=>"PG", "PG-13"=>"PG-13", "R"=>"R"}, "sort"=>"title"}
  [1m[36mMovie Load (0.2ms)[0m  [1mSELECT "movies".* FROM "movies" WHERE "movies"."rating" IN ('G', 'NC-17', 'PG', 'PG-13', 'R')  ORDER BY "movies"."title" ASC[0m
  Rendered movies/index.html.haml within layouts/application (18.2ms)
Completed 200 OK in 242ms (Views: 237.4ms | ActiveRecord: 1.4ms)


Started GET "/movies?ratings%5BG%5D=G&ratings%5BNC-17%5D=NC-17&ratings%5BPG%5D=PG&ratings%5BPG-13%5D=PG-13&ratings%5BR%5D=R&sort=title" for 128.194.2.62 at 2021-03-02 01:27:13 +0000
Processing by MoviesController#index as HTML
  Parameters: {"ratings"=>{"G"=>"G", "NC-17"=>"NC-17", "PG"=>"PG", "PG-13"=>"PG-13", "R"=>"R"}, "sort"=>"title"}
  [1m[35mMovie Load (0.2ms)[0m  SELECT "movies".* FROM "movies" WHERE "movies"."rating" IN ('G', 'NC-17', 'PG', 'PG-13', 'R')  ORDER BY "movies"."title" ASC
  Rendered movies/index.html.haml within layouts/application (4.9ms)
Completed 200 OK in 16ms (Views: 15.6ms | ActiveRecord: 0.2ms)


Started GET "/movies?ratings%5BG%5D=G&ratings%5BNC-17%5D=NC-17&ratings%5BPG%5D=PG&ratings%5BPG-13%5D=PG-13&ratings%5BR%5D=R&sort=title" for 128.194.2.62 at 2021-03-02 01:27:37 +0000
Processing by MoviesController#index as HTML
  Parameters: {"ratings"=>{"G"=>"G", "NC-17"=>"NC-17", "PG"=>"PG", "PG-13"=>"PG-13", "R"=>"R"}, "sort"=>"title"}
  [1m[36mMovie Load (0.2ms)[0m  [1mSELECT "movies".* FROM "movies" WHERE "movies"."rating" IN ('G', 'NC-17', 'PG', 'PG-13', 'R')  ORDER BY "movies"."title" ASC[0m
  Rendered movies/index.html.haml within layouts/application (4.4ms)
Completed 200 OK in 38ms (Views: 37.3ms | ActiveRecord: 0.2ms)


Started GET "/movies?ratings%5BG%5D=G&ratings%5BNC-17%5D=NC-17&ratings%5BPG%5D=PG&ratings%5BPG-13%5D=PG-13&ratings%5BR%5D=R&sort=release_date" for 128.194.2.62 at 2021-03-02 01:27:38 +0000
Processing by MoviesController#index as HTML
  Parameters: {"ratings"=>{"G"=>"G", "NC-17"=>"NC-17", "PG"=>"PG", "PG-13"=>"PG-13", "R"=>"R"}, "sort"=>"release_date"}
Redirected to https://4b4c5b82caef4c609a54c0a37ce2a882.vfs.cloud9.us-east-2.amazonaws.com/movies?ratings%5BG%5D=G&ratings%5BNC-17%5D=NC-17&ratings%5BPG%5D=PG&ratings%5BPG-13%5D=PG-13&ratings%5BR%5D=R&sort=release_date
Completed 302 Found in 2ms (ActiveRecord: 0.0ms)


Started GET "/movies?ratings%5BG%5D=G&ratings%5BNC-17%5D=NC-17&ratings%5BPG%5D=PG&ratings%5BPG-13%5D=PG-13&ratings%5BR%5D=R&sort=release_date" for 128.194.2.62 at 2021-03-02 01:27:38 +0000
Processing by MoviesController#index as HTML
  Parameters: {"ratings"=>{"G"=>"G", "NC-17"=>"NC-17", "PG"=>"PG", "PG-13"=>"PG-13", "R"=>"R"}, "sort"=>"release_date"}
  [1m[35mMovie Load (0.2ms)[0m  SELECT "movies".* FROM "movies" WHERE "movies"."rating" IN ('G', 'NC-17', 'PG', 'PG-13', 'R')  ORDER BY "movies"."release_date" ASC
  Rendered movies/index.html.haml within layouts/application (6.1ms)
Completed 200 OK in 17ms (Views: 16.4ms | ActiveRecord: 0.2ms)


Started GET "/movies?ratings%5BG%5D=G&ratings%5BNC-17%5D=NC-17&ratings%5BPG%5D=PG&ratings%5BPG-13%5D=PG-13&ratings%5BR%5D=R&sort=title" for 128.194.2.62 at 2021-03-02 01:31:07 +0000
Processing by MoviesController#index as HTML
  Parameters: {"ratings"=>{"G"=>"G", "NC-17"=>"NC-17", "PG"=>"PG", "PG-13"=>"PG-13", "R"=>"R"}, "sort"=>"title"}
Redirected to https://4b4c5b82caef4c609a54c0a37ce2a882.vfs.cloud9.us-east-2.amazonaws.com/movies?ratings%5BG%5D=G&ratings%5BNC-17%5D=NC-17&ratings%5BPG%5D=PG&ratings%5BPG-13%5D=PG-13&ratings%5BR%5D=R&sort=title
Completed 302 Found in 2ms (ActiveRecord: 0.0ms)


Started GET "/movies?ratings%5BG%5D=G&ratings%5BNC-17%5D=NC-17&ratings%5BPG%5D=PG&ratings%5BPG-13%5D=PG-13&ratings%5BR%5D=R&sort=title" for 128.194.2.62 at 2021-03-02 01:31:07 +0000
Processing by MoviesController#index as HTML
  Parameters: {"ratings"=>{"G"=>"G", "NC-17"=>"NC-17", "PG"=>"PG", "PG-13"=>"PG-13", "R"=>"R"}, "sort"=>"title"}
  [1m[36mMovie Load (0.2ms)[0m  [1mSELECT "movies".* FROM "movies" WHERE "movies"."rating" IN ('G', 'NC-17', 'PG', 'PG-13', 'R')  ORDER BY "movies"."title" ASC[0m
  Rendered movies/index.html.haml within layouts/application (5.6ms)
Completed 200 OK in 18ms (Views: 16.9ms | ActiveRecord: 0.2ms)


Started GET "/movies?ratings%5BG%5D=G&ratings%5BNC-17%5D=NC-17&ratings%5BPG%5D=PG&ratings%5BPG-13%5D=PG-13&ratings%5BR%5D=R&sort=release_date" for 128.194.2.62 at 2021-03-02 01:31:28 +0000
Processing by MoviesController#index as HTML
  Parameters: {"ratings"=>{"G"=>"G", "NC-17"=>"NC-17", "PG"=>"PG", "PG-13"=>"PG-13", "R"=>"R"}, "sort"=>"release_date"}
Redirected to https://4b4c5b82caef4c609a54c0a37ce2a882.vfs.cloud9.us-east-2.amazonaws.com/movies?ratings%5BG%5D=G&ratings%5BNC-17%5D=NC-17&ratings%5BPG%5D=PG&ratings%5BPG-13%5D=PG-13&ratings%5BR%5D=R&sort=release_date
Completed 302 Found in 2ms (ActiveRecord: 0.0ms)


Started GET "/movies?ratings%5BG%5D=G&ratings%5BNC-17%5D=NC-17&ratings%5BPG%5D=PG&ratings%5BPG-13%5D=PG-13&ratings%5BR%5D=R&sort=release_date" for 128.194.2.62 at 2021-03-02 01:31:28 +0000
Processing by MoviesController#index as HTML
  Parameters: {"ratings"=>{"G"=>"G", "NC-17"=>"NC-17", "PG"=>"PG", "PG-13"=>"PG-13", "R"=>"R"}, "sort"=>"release_date"}
  [1m[35mMovie Load (0.2ms)[0m  SELECT "movies".* FROM "movies" WHERE "movies"."rating" IN ('G', 'NC-17', 'PG', 'PG-13', 'R')  ORDER BY "movies"."release_date" ASC
  Rendered movies/index.html.haml within layouts/application (6.2ms)
Completed 200 OK in 17ms (Views: 16.5ms | ActiveRecord: 0.2ms)


Started GET "/" for 128.194.2.62 at 2021-03-02 01:49:24 +0000


Started GET "/movies" for 128.194.2.62 at 2021-03-02 01:49:25 +0000
Processing by MoviesController#index as HTML
Redirected to https://4b4c5b82caef4c609a54c0a37ce2a882.vfs.cloud9.us-east-2.amazonaws.com/movies?ratings%5BG%5D=G&ratings%5BNC-17%5D=NC-17&ratings%5BPG%5D=PG&ratings%5BPG-13%5D=PG-13&ratings%5BR%5D=R&sort=release_date
Completed 302 Found in 9ms (ActiveRecord: 0.0ms)


Started GET "/movies?ratings%5BG%5D=G&ratings%5BNC-17%5D=NC-17&ratings%5BPG%5D=PG&ratings%5BPG-13%5D=PG-13&ratings%5BR%5D=R&sort=release_date" for 128.194.2.62 at 2021-03-02 01:49:25 +0000
Processing by MoviesController#index as HTML
  Parameters: {"ratings"=>{"G"=>"G", "NC-17"=>"NC-17", "PG"=>"PG", "PG-13"=>"PG-13", "R"=>"R"}, "sort"=>"release_date"}
  [1m[36mMovie Load (0.2ms)[0m  [1mSELECT "movies".* FROM "movies" WHERE "movies"."rating" IN ('G', 'NC-17', 'PG', 'PG-13', 'R')  ORDER BY "movies"."release_date" ASC[0m
  Rendered movies/index.html.haml within layouts/application (18.3ms)
Completed 200 OK in 245ms (Views: 239.2ms | ActiveRecord: 1.5ms)


Started GET "/movies?ratings%5BG%5D=G&ratings%5BNC-17%5D=NC-17&ratings%5BPG%5D=PG&ratings%5BPG-13%5D=PG-13&ratings%5BR%5D=R&sort=title" for 128.194.2.62 at 2021-03-02 01:49:27 +0000
Processing by MoviesController#index as HTML
  Parameters: {"ratings"=>{"G"=>"G", "NC-17"=>"NC-17", "PG"=>"PG", "PG-13"=>"PG-13", "R"=>"R"}, "sort"=>"title"}
Redirected to https://4b4c5b82caef4c609a54c0a37ce2a882.vfs.cloud9.us-east-2.amazonaws.com/movies?ratings%5BG%5D=G&ratings%5BNC-17%5D=NC-17&ratings%5BPG%5D=PG&ratings%5BPG-13%5D=PG-13&ratings%5BR%5D=R&sort=title
Completed 302 Found in 2ms (ActiveRecord: 0.0ms)


Started GET "/movies?ratings%5BG%5D=G&ratings%5BNC-17%5D=NC-17&ratings%5BPG%5D=PG&ratings%5BPG-13%5D=PG-13&ratings%5BR%5D=R&sort=title" for 128.194.2.62 at 2021-03-02 01:49:27 +0000
Processing by MoviesController#index as HTML
  Parameters: {"ratings"=>{"G"=>"G", "NC-17"=>"NC-17", "PG"=>"PG", "PG-13"=>"PG-13", "R"=>"R"}, "sort"=>"title"}
  [1m[35mMovie Load (0.2ms)[0m  SELECT "movies".* FROM "movies" WHERE "movies"."rating" IN ('G', 'NC-17', 'PG', 'PG-13', 'R')  ORDER BY "movies"."title" ASC
  Rendered movies/index.html.haml within layouts/application (9.4ms)
Completed 200 OK in 42ms (Views: 41.6ms | ActiveRecord: 0.2ms)


Started GET "/movies?ratings%5BG%5D=G&ratings%5BNC-17%5D=NC-17&ratings%5BPG%5D=PG&ratings%5BPG-13%5D=PG-13&ratings%5BR%5D=R&sort=title" for 128.194.2.62 at 2021-03-02 01:49:28 +0000
Processing by MoviesController#index as HTML
  Parameters: {"ratings"=>{"G"=>"G", "NC-17"=>"NC-17", "PG"=>"PG", "PG-13"=>"PG-13", "R"=>"R"}, "sort"=>"title"}
  [1m[36mMovie Load (0.2ms)[0m  [1mSELECT "movies".* FROM "movies" WHERE "movies"."rating" IN ('G', 'NC-17', 'PG', 'PG-13', 'R')  ORDER BY "movies"."title" ASC[0m
  Rendered movies/index.html.haml within layouts/application (4.4ms)
Completed 200 OK in 16ms (Views: 15.1ms | ActiveRecord: 0.2ms)


Started GET "/movies?ratings%5BG%5D=G&ratings%5BNC-17%5D=NC-17&ratings%5BPG%5D=PG&ratings%5BPG-13%5D=PG-13&ratings%5BR%5D=R&sort=release_date" for 128.194.2.62 at 2021-03-02 01:49:30 +0000
Processing by MoviesController#index as HTML
  Parameters: {"ratings"=>{"G"=>"G", "NC-17"=>"NC-17", "PG"=>"PG", "PG-13"=>"PG-13", "R"=>"R"}, "sort"=>"release_date"}
Redirected to https://4b4c5b82caef4c609a54c0a37ce2a882.vfs.cloud9.us-east-2.amazonaws.com/movies?ratings%5BG%5D=G&ratings%5BNC-17%5D=NC-17&ratings%5BPG%5D=PG&ratings%5BPG-13%5D=PG-13&ratings%5BR%5D=R&sort=release_date
Completed 302 Found in 2ms (ActiveRecord: 0.0ms)


Started GET "/movies?ratings%5BG%5D=G&ratings%5BNC-17%5D=NC-17&ratings%5BPG%5D=PG&ratings%5BPG-13%5D=PG-13&ratings%5BR%5D=R&sort=release_date" for 128.194.2.62 at 2021-03-02 01:49:30 +0000
Processing by MoviesController#index as HTML
  Parameters: {"ratings"=>{"G"=>"G", "NC-17"=>"NC-17", "PG"=>"PG", "PG-13"=>"PG-13", "R"=>"R"}, "sort"=>"release_date"}
  [1m[35mMovie Load (0.2ms)[0m  SELECT "movies".* FROM "movies" WHERE "movies"."rating" IN ('G', 'NC-17', 'PG', 'PG-13', 'R')  ORDER BY "movies"."release_date" ASC
  Rendered movies/index.html.haml within layouts/application (4.6ms)
Completed 200 OK in 16ms (Views: 14.4ms | ActiveRecord: 0.2ms)
